<?xml version="1.0" encoding="UTF-8"?>
<testsuites>
    <testsuite name=";" tests="8" failures="0" skipped="0">
        <properties>
            <property name="URI" value="C:/dev/cucumber-exempel-2/features/coffee-machine.feature">
            </property>
        </properties>
        <testcase name="Given that the machine is plugged in" classname=";" time="0.000801">
        </testcase>
        <testcase name="And that water is available" classname=";" time="0.0002162">
        </testcase>
        <testcase name="And that the machine has enough ground coffee" classname=";" time="0.0003993">
        </testcase>
        <testcase name="And the machine has plastic cups" classname=";" time="0.000185201">
        </testcase>
        <testcase name="When the user inserts a 10 kr coin" classname=";" time="0.0001773">
        </testcase>
        <testcase name="And the user inserts a 0 kr coin" classname=";" time="0.0000634">
        </testcase>
        <testcase name="And presses the &quot;start&quot; button" classname=";" time="0.000155301">
        </testcase>
        <testcase name="Then the user recieves 1 cup of coffee." classname=";" time="0.000207199">
        </testcase>
    </testsuite>
    <testsuite name=";" tests="8" failures="0" skipped="0">
        <properties>
            <property name="URI" value="C:/dev/cucumber-exempel-2/features/coffee-machine.feature">
            </property>
        </properties>
        <testcase name="Given that the machine is plugged in" classname=";" time="0.0000854">
        </testcase>
        <testcase name="And that water is available" classname=";" time="0.0000752">
        </testcase>
        <testcase name="And that the machine has enough ground coffee" classname=";" time="0.0000847">
        </testcase>
        <testcase name="And the machine has plastic cups" classname=";" time="0.000077601">
        </testcase>
        <testcase name="When the user inserts a 5 kr coin" classname=";" time="0.0000632">
        </testcase>
        <testcase name="And the user inserts a 5 kr coin" classname=";" time="0.000059301">
        </testcase>
        <testcase name="And presses the &quot;start&quot; button" classname=";" time="0.0000691">
        </testcase>
        <testcase name="Then the user recieves 1 cup of coffee." classname=";" time="0.0000732">
        </testcase>
    </testsuite>
    <testsuite name=";" tests="8" failures="0" skipped="0">
        <properties>
            <property name="URI" value="C:/dev/cucumber-exempel-2/features/coffee-machine.feature">
            </property>
        </properties>
        <testcase name="Given that the machine is plugged in" classname=";" time="0.0000779">
        </testcase>
        <testcase name="And that water is available" classname=";" time="0.000057001">
        </testcase>
        <testcase name="And that the machine has enough ground coffee" classname=";" time="0.0000757">
        </testcase>
        <testcase name="And the machine has plastic cups" classname=";" time="0.000060401">
        </testcase>
        <testcase name="When the user inserts a 1 kr coin" classname=";" time="0.0000528">
        </testcase>
        <testcase name="And the user inserts a 1 kr coin" classname=";" time="0.000051699">
        </testcase>
        <testcase name="And presses the &quot;start&quot; button" classname=";" time="0.0000528">
        </testcase>
        <testcase name="Then the user recieves 0 cup of coffee." classname=";" time="0.0002512">
        </testcase>
    </testsuite>
    <testsuite name=";" tests="8" failures="1" skipped="3">
        <properties>
            <property name="URI" value="C:/dev/cucumber-exempel-2/features/coffee-machine.feature">
            </property>
        </properties>
        <testcase name="Given that the machine is plugged in" classname=";" time="0.000061101">
        </testcase>
        <testcase name="And that water is available" classname=";" time="0.0000609">
        </testcase>
        <testcase name="And that the machine has enough ground coffee" classname=";" time="0.0000608">
        </testcase>
        <testcase name="And the machine has plastic cups" classname=";" time="0.000069599">
        </testcase>
        <testcase name="When the user inserts a &quot;byxknapp&quot; kr coin" classname=";" time="0.0024318">
            <failure message="AssertionError: Expected the runtime error &quot;You must insert money not byxknapp&quot;: expected [Function] to throw error including &apos;You must insert money, not byxknapp&apos; but got &apos;You must insert money not byxknapp&apos;">AssertionError: Expected the runtime error &quot;You must insert money not byxknapp&quot;: expected [Function] to throw error including &apos;You must insert money, not byxknapp&apos; but got &apos;You must insert money not byxknapp&apos;
    at Function.assert.throws (C:\dev\cucumber-exempel-2\node_modules\chai\lib\chai\interface\assert.js:1120:52)
    at createWorld.&lt;anonymous&gt; (C:\dev\cucumber-exempel-2\step-definitions\coffee-machine.js:111:12)
    at processTicksAndRejections (internal/process/task_queues.js:79:11)</failure>
        </testcase>
        <testcase name="And the user inserts a 1 kr coin" classname=";">
            <skipped message="">
            </skipped>
        </testcase>
        <testcase name="And presses the &quot;start&quot; button" classname=";">
            <skipped message="">
            </skipped>
        </testcase>
        <testcase name="Then the user recieves 1 cup of coffee." classname=";">
            <skipped message="">
            </skipped>
        </testcase>
    </testsuite>
    <testsuite name=";" tests="8" failures="0" skipped="0">
        <properties>
            <property name="URI" value="C:/dev/cucumber-exempel-2/features/coffee-machine.feature">
            </property>
        </properties>
        <testcase name="Given that the machine is plugged in" classname=";" time="0.0000848">
        </testcase>
        <testcase name="And that water is available" classname=";" time="0.000058001">
        </testcase>
        <testcase name="And that the machine has enough ground coffee" classname=";" time="0.0000589">
        </testcase>
        <testcase name="And the machine has plastic cups" classname=";" time="0.0000706">
        </testcase>
        <testcase name="When the user inserts a 10 kr coin" classname=";" time="0.000055101">
        </testcase>
        <testcase name="And the user inserts a 10 kr coin" classname=";" time="0.0000503">
        </testcase>
        <testcase name="And presses the &quot;start&quot; button" classname=";" time="0.0000418">
        </testcase>
        <testcase name="Then the user recieves 2 cup of coffee." classname=";" time="0.000050099">
        </testcase>
    </testsuite>
</testsuites>